<?xml version="1.0" encoding="UTF-8"?>
<!-- Generated by org.testng.reporters.JUnitReportReporter -->
<testsuite hostname="Onss-MBP.lan" failures="0" tests="1" name="com.automationtesting.app.OrderCompleteTest" time="30.292" errors="0" timestamp="2023-02-05T23:00:00 CST" skipped="0">
  <testcase classname="com.automationtesting.app.OrderCompleteTest" name="endToEndTest" time="30.292"/>
  <system-out/>
</testsuite> <!-- com.automationtesting.app.OrderCompleteTest -->
